<?xml version="1.0" encoding="UTF-8"?>
<!-- Generated by org.testng.reporters.JUnitReportReporter -->
<testsuite hostname="DESKTOP-TBLA2PR" failures="0" tests="3" name="org.wipro.automation.aumw.testcasesClass.LoginScenarios_DDF" time="38.421" errors="0" timestamp="2023-08-15T06:22:00 IST" skipped="0">
  <testcase classname="org.wipro.automation.aumw.testcasesClass.LoginScenarios_DDF" name="tc01_logunfunctionality" time="10.683"/>
  <system-out/>
  <testcase classname="org.wipro.automation.aumw.testcasesClass.LoginScenarios_DDF" name="tc01_logunfunctionality" time="16.185"/>
  <system-out/>
  <testcase classname="org.wipro.automation.aumw.testcasesClass.LoginScenarios_DDF" name="tc01_logunfunctionality" time="11.553"/>
  <system-out/>
</testsuite> <!-- org.wipro.automation.aumw.testcasesClass.LoginScenarios_DDF -->
