<?xml version="1.0" encoding="UTF-8"?>
<!-- Generated by org.testng.reporters.JUnitReportReporter -->
<testsuite hostname="DESKTOP-TBLA2PR" failures="0" tests="1" name="testNGDemo.FirstScenario5" time="0.003" errors="0" timestamp="2023-07-20T06:44:56 IST" skipped="0">
  <testcase classname="testNGDemo.FirstScenario5" name="second_testcase" time="0.003"/>
  <system-out/>
</testsuite> <!-- testNGDemo.FirstScenario5 -->
