<?xml version="1.0" encoding="UTF-8"?>
<!-- Generated by org.testng.reporters.JUnitReportReporter -->
<testsuite hostname="DESKTOP-TBLA2PR" failures="0" tests="6" name="testNGDemo.FirstScenario6" time="0.025" errors="0" timestamp="2023-07-20T06:33:28 IST" skipped="0">
  <testcase classname="testNGDemo.FirstScenario6" name="sixth_testcase" time="0.003"/>
  <system-out/>
  <testcase classname="testNGDemo.FirstScenario6" name="third_testcase" time="0.003"/>
  <system-out/>
  <testcase classname="testNGDemo.FirstScenario6" name="forth_testcase" time="0.004"/>
  <system-out/>
  <testcase classname="testNGDemo.FirstScenario6" name="second_testcase" time="0.009"/>
  <system-out/>
  <testcase classname="testNGDemo.FirstScenario6" name="first_testcase" time="0.003"/>
  <system-out/>
  <testcase classname="testNGDemo.FirstScenario6" name="fifth_testcase" time="0.003"/>
  <system-out/>
</testsuite> <!-- testNGDemo.FirstScenario6 -->
