<?xml version="1.0" encoding="UTF-8"?>
<!-- Generated by org.testng.reporters.JUnitReportReporter -->
<testsuite hostname="DESKTOP-TBLA2PR" failures="0" tests="1" name="org.xyz.auto.fb.BasicOPerations" time="17.057" errors="0" timestamp="2023-07-26T06:22:00 IST" skipped="0">
  <testcase classname="org.xyz.auto.fb.BasicOPerations" name="launchBrowser" time="17.057"/>
  <system-out/>
</testsuite> <!-- org.xyz.auto.fb.BasicOPerations -->
