<?xml version="1.0" encoding="UTF-8"?>
<!-- Generated by org.testng.reporters.JUnitReportReporter -->
<testsuite hostname="DESKTOP-TBLA2PR" failures="0" tests="6" name="testNGDemo.FirstScenario4" time="0.026" errors="0" timestamp="2023-07-20T06:33:28 IST" skipped="0">
  <testcase classname="testNGDemo.FirstScenario4" name="fifth_testcase" time="0.002"/>
  <system-out/>
  <testcase classname="testNGDemo.FirstScenario4" name="forth_testcase" time="0.002"/>
  <system-out/>
  <testcase classname="testNGDemo.FirstScenario4" name="second_testcase" time="0.010"/>
  <system-out/>
  <testcase classname="testNGDemo.FirstScenario4" name="third_testcase" time="0.005"/>
  <system-out/>
  <testcase classname="testNGDemo.FirstScenario4" name="sixth_testcase" time="0.005"/>
  <system-out/>
  <testcase classname="testNGDemo.FirstScenario4" name="first_testcase" time="0.002"/>
  <system-out/>
</testsuite> <!-- testNGDemo.FirstScenario4 -->
