<?xml version="1.0" encoding="UTF-8"?>
<!-- Generated by org.testng.reporters.JUnitReportReporter -->
<testsuite hostname="DESKTOP-TBLA2PR" failures="0" tests="1" name="org.xyz.auto.fb.FetchDataCompare" time="13.949" errors="0" timestamp="2023-08-01T06:59:32 IST" skipped="0">
  <testcase classname="org.xyz.auto.fb.FetchDataCompare" name="loginFUnctionality" time="13.949"/>
  <system-out/>
</testsuite> <!-- org.xyz.auto.fb.FetchDataCompare -->
