<?xml version="1.0" encoding="UTF-8"?>
<!-- Generated by org.testng.reporters.JUnitReportReporter -->
<testsuite hostname="DESKTOP-TBLA2PR" failures="0" tests="2" name="org.xyz.auto.fb.FirstAutomation" time="19.441" errors="0" timestamp="2023-08-03T07:05:07 IST" skipped="1">
  <testcase classname="org.xyz.auto.fb.FirstAutomation" name="loginvalidation" time="19.441"/>
  <system-out/>
  <testcase classname="org.xyz.auto.fb.FirstAutomation" name="signupvalidation">
    <skipped/>
  </testcase> <!-- signupvalidation -->
  <system-out/>
</testsuite> <!-- org.xyz.auto.fb.FirstAutomation -->
