<?xml version="1.0" encoding="UTF-8"?>
<!-- Generated by org.testng.reporters.JUnitReportReporter -->
<testsuite hostname="DESKTOP-TBLA2PR" failures="0" tests="6" name="testNGDemo.FirstScenario2" time="0.015" errors="0" timestamp="2023-07-20T06:33:28 IST" skipped="1">
  <testcase classname="testNGDemo.FirstScenario2" name="first_testcase" time="0.004"/>
  <system-out/>
  <testcase classname="testNGDemo.FirstScenario2" name="sixth_testcase" time="0.004"/>
  <system-out/>
  <testcase classname="testNGDemo.FirstScenario2" name="forth_testcase" time="0.002"/>
  <system-out/>
  <testcase classname="testNGDemo.FirstScenario2" name="fifth_testcase" time="0.002"/>
  <system-out/>
  <testcase classname="testNGDemo.FirstScenario2" name="second_testcase" time="0.003"/>
  <system-out/>
  <testcase classname="testNGDemo.FirstScenario2" name="third_testcase">
    <skipped/>
  </testcase> <!-- third_testcase -->
  <system-out/>
</testsuite> <!-- testNGDemo.FirstScenario2 -->
