<?xml version="1.0" encoding="UTF-8"?>
<!-- Generated by org.testng.reporters.JUnitReportReporter -->
<testsuite hostname="DESKTOP-TBLA2PR" failures="0" tests="1" name="org.wipro.automation.aumw.testcasesClass.LoginScenarios" time="15.696" errors="0" timestamp="2023-08-11T07:00:52 IST" skipped="0">
  <testcase classname="org.wipro.automation.aumw.testcasesClass.LoginScenarios" name="tc01_logunfunctionality" time="15.696"/>
  <system-out/>
</testsuite> <!-- org.wipro.automation.aumw.testcasesClass.LoginScenarios -->
